Performing C SOURCE FILE Test HAVE_GCC_WDOCUMENTATION failed with the following output:
Change Dir: /home/ciara/CLionProjects/cDrone/build/CMakeFiles/CMakeScratch/TryCompile-SCk0Qn

Run Build Command(s):/usr/bin/gmake -f Makefile cmTC_20bc0/fast && /usr/bin/gmake  -f CMakeFiles/cmTC_20bc0.dir/build.make CMakeFiles/cmTC_20bc0.dir/build
gmake[1]: Entering directory '/home/ciara/CLionProjects/cDrone/build/CMakeFiles/CMakeScratch/TryCompile-SCk0Qn'
Building C object CMakeFiles/cmTC_20bc0.dir/src.c.o
/usr/bin/cc -DHAVE_GCC_WDOCUMENTATION  -D_GNU_SOURCE=1   -Wdocumentation -std=gnu2x -o CMakeFiles/cmTC_20bc0.dir/src.c.o -c /home/ciara/CLionProjects/cDrone/build/CMakeFiles/CMakeScratch/TryCompile-SCk0Qn/src.c
cc: error: unrecognized command-line option '-Wdocumentation'
gmake[1]: *** [CMakeFiles/cmTC_20bc0.dir/build.make:78: CMakeFiles/cmTC_20bc0.dir/src.c.o] Error 1
gmake[1]: Leaving directory '/home/ciara/CLionProjects/cDrone/build/CMakeFiles/CMakeScratch/TryCompile-SCk0Qn'
gmake: *** [Makefile:127: cmTC_20bc0/fast] Error 2


Source file was:
int main(void) { return 0; }

Performing C SOURCE FILE Test HAVE_GCC_WDOCUMENTATION_UNKNOWN_COMMAND failed with the following output:
Change Dir: /home/ciara/CLionProjects/cDrone/build/CMakeFiles/CMakeScratch/TryCompile-uiMowI

Run Build Command(s):/usr/bin/gmake -f Makefile cmTC_57bd0/fast && /usr/bin/gmake  -f CMakeFiles/cmTC_57bd0.dir/build.make CMakeFiles/cmTC_57bd0.dir/build
gmake[1]: Entering directory '/home/ciara/CLionProjects/cDrone/build/CMakeFiles/CMakeScratch/TryCompile-uiMowI'
Building C object CMakeFiles/cmTC_57bd0.dir/src.c.o
/usr/bin/cc -DHAVE_GCC_WDOCUMENTATION_UNKNOWN_COMMAND  -D_GNU_SOURCE=1   -Wdocumentation-unknown-command -std=gnu2x -o CMakeFiles/cmTC_57bd0.dir/src.c.o -c /home/ciara/CLionProjects/cDrone/build/CMakeFiles/CMakeScratch/TryCompile-uiMowI/src.c
cc: error: unrecognized command-line option '-Wdocumentation-unknown-command'
gmake[1]: *** [CMakeFiles/cmTC_57bd0.dir/build.make:78: CMakeFiles/cmTC_57bd0.dir/src.c.o] Error 1
gmake[1]: Leaving directory '/home/ciara/CLionProjects/cDrone/build/CMakeFiles/CMakeScratch/TryCompile-uiMowI'
gmake: *** [Makefile:127: cmTC_57bd0/fast] Error 2


Source file was:
int main(void) { return 0; }

Performing C SOURCE FILE Test HAVE_GCC_COMMENT_BLOCK_COMMANDS failed with the following output:
Change Dir: /home/ciara/CLionProjects/cDrone/build/CMakeFiles/CMakeScratch/TryCompile-bVNXrt

Run Build Command(s):/usr/bin/gmake -f Makefile cmTC_6ff5f/fast && /usr/bin/gmake  -f CMakeFiles/cmTC_6ff5f.dir/build.make CMakeFiles/cmTC_6ff5f.dir/build
gmake[1]: Entering directory '/home/ciara/CLionProjects/cDrone/build/CMakeFiles/CMakeScratch/TryCompile-bVNXrt'
Building C object CMakeFiles/cmTC_6ff5f.dir/src.c.o
/usr/bin/cc -DHAVE_GCC_COMMENT_BLOCK_COMMANDS  -D_GNU_SOURCE=1   -fcomment-block-commands=threadsafety -std=gnu2x -o CMakeFiles/cmTC_6ff5f.dir/src.c.o -c /home/ciara/CLionProjects/cDrone/build/CMakeFiles/CMakeScratch/TryCompile-bVNXrt/src.c
cc: error: unrecognized command-line option '-fcomment-block-commands=threadsafety'
gmake[1]: *** [CMakeFiles/cmTC_6ff5f.dir/build.make:78: CMakeFiles/cmTC_6ff5f.dir/src.c.o] Error 1
gmake[1]: Leaving directory '/home/ciara/CLionProjects/cDrone/build/CMakeFiles/CMakeScratch/TryCompile-bVNXrt'
gmake: *** [Makefile:127: cmTC_6ff5f/fast] Error 2


Source file was:
int main(void) { return 0; }

Performing C SOURCE FILE Test HAVE_CLANG_COMMENT_BLOCK_COMMANDS failed with the following output:
Change Dir: /home/ciara/CLionProjects/cDrone/build/CMakeFiles/CMakeScratch/TryCompile-iBNJFc

Run Build Command(s):/usr/bin/gmake -f Makefile cmTC_387c1/fast && /usr/bin/gmake  -f CMakeFiles/cmTC_387c1.dir/build.make CMakeFiles/cmTC_387c1.dir/build
gmake[1]: Entering directory '/home/ciara/CLionProjects/cDrone/build/CMakeFiles/CMakeScratch/TryCompile-iBNJFc'
Building C object CMakeFiles/cmTC_387c1.dir/src.c.o
/usr/bin/cc -DHAVE_CLANG_COMMENT_BLOCK_COMMANDS  -D_GNU_SOURCE=1   /clang:-fcomment-block-commands=threadsafety -std=gnu2x -o CMakeFiles/cmTC_387c1.dir/src.c.o -c /home/ciara/CLionProjects/cDrone/build/CMakeFiles/CMakeScratch/TryCompile-iBNJFc/src.c
cc: warning: /clang:-fcomment-block-commands=threadsafety: linker input file unused because linking not done
cc: error: /clang:-fcomment-block-commands=threadsafety: linker input file not found: No such file or directory
gmake[1]: *** [CMakeFiles/cmTC_387c1.dir/build.make:78: CMakeFiles/cmTC_387c1.dir/src.c.o] Error 1
gmake[1]: *** Deleting file 'CMakeFiles/cmTC_387c1.dir/src.c.o'
gmake[1]: Leaving directory '/home/ciara/CLionProjects/cDrone/build/CMakeFiles/CMakeScratch/TryCompile-iBNJFc'
gmake: *** [Makefile:127: cmTC_387c1/fast] Error 2


Source file was:
int main(void) { return 0; }

Determining if the _i64toa exist failed with the following output:
Change Dir: /home/ciara/CLionProjects/cDrone/build/CMakeFiles/CMakeScratch/TryCompile-FShLuM

Run Build Command(s):/usr/bin/gmake -f Makefile cmTC_3cbb7/fast && /usr/bin/gmake  -f CMakeFiles/cmTC_3cbb7.dir/build.make CMakeFiles/cmTC_3cbb7.dir/build
gmake[1]: Entering directory '/home/ciara/CLionProjects/cDrone/build/CMakeFiles/CMakeScratch/TryCompile-FShLuM'
Building C object CMakeFiles/cmTC_3cbb7.dir/CheckSymbolExists.c.o
/usr/bin/cc   -D_GNU_SOURCE=1 -std=gnu2x -o CMakeFiles/cmTC_3cbb7.dir/CheckSymbolExists.c.o -c /home/ciara/CLionProjects/cDrone/build/CMakeFiles/CMakeScratch/TryCompile-FShLuM/CheckSymbolExists.c
/home/ciara/CLionProjects/cDrone/build/CMakeFiles/CMakeScratch/TryCompile-FShLuM/CheckSymbolExists.c: In function ‘main’:
/home/ciara/CLionProjects/cDrone/build/CMakeFiles/CMakeScratch/TryCompile-FShLuM/CheckSymbolExists.c:26:19: error: ‘_i64toa’ undeclared (first use in this function)
   26 |   return ((int*)(&_i64toa))[argc];
      |                   ^~~~~~~
/home/ciara/CLionProjects/cDrone/build/CMakeFiles/CMakeScratch/TryCompile-FShLuM/CheckSymbolExists.c:26:19: note: each undeclared identifier is reported only once for each function it appears in
gmake[1]: *** [CMakeFiles/cmTC_3cbb7.dir/build.make:78: CMakeFiles/cmTC_3cbb7.dir/CheckSymbolExists.c.o] Error 1
gmake[1]: Leaving directory '/home/ciara/CLionProjects/cDrone/build/CMakeFiles/CMakeScratch/TryCompile-FShLuM'
gmake: *** [Makefile:127: cmTC_3cbb7/fast] Error 2


File CheckSymbolExists.c:
/* */
#include <float.h>
#include <iconv.h>
#include <inttypes.h>
#include <limits.h>
#include <malloc.h>
#include <math.h>
#include <memory.h>
#include <signal.h>
#include <stdarg.h>
#include <stdbool.h>
#include <stddef.h>
#include <stdint.h>
#include <stdio.h>
#include <stdlib.h>
#include <string.h>
#include <strings.h>
#include <sys/types.h>
#include <time.h>
#include <wchar.h>

int main(int argc, char** argv)
{
  (void)argv;
#ifndef _i64toa
  return ((int*)(&_i64toa))[argc];
#else
  (void)argc;
  return 0;
#endif
}
Determining if the itoa exist failed with the following output:
Change Dir: /home/ciara/CLionProjects/cDrone/build/CMakeFiles/CMakeScratch/TryCompile-JJQgjF

Run Build Command(s):/usr/bin/gmake -f Makefile cmTC_e92e0/fast && /usr/bin/gmake  -f CMakeFiles/cmTC_e92e0.dir/build.make CMakeFiles/cmTC_e92e0.dir/build
gmake[1]: Entering directory '/home/ciara/CLionProjects/cDrone/build/CMakeFiles/CMakeScratch/TryCompile-JJQgjF'
Building C object CMakeFiles/cmTC_e92e0.dir/CheckSymbolExists.c.o
/usr/bin/cc   -D_GNU_SOURCE=1 -std=gnu2x -o CMakeFiles/cmTC_e92e0.dir/CheckSymbolExists.c.o -c /home/ciara/CLionProjects/cDrone/build/CMakeFiles/CMakeScratch/TryCompile-JJQgjF/CheckSymbolExists.c
/home/ciara/CLionProjects/cDrone/build/CMakeFiles/CMakeScratch/TryCompile-JJQgjF/CheckSymbolExists.c: In function ‘main’:
/home/ciara/CLionProjects/cDrone/build/CMakeFiles/CMakeScratch/TryCompile-JJQgjF/CheckSymbolExists.c:26:19: error: ‘itoa’ undeclared (first use in this function)
   26 |   return ((int*)(&itoa))[argc];
      |                   ^~~~
/home/ciara/CLionProjects/cDrone/build/CMakeFiles/CMakeScratch/TryCompile-JJQgjF/CheckSymbolExists.c:26:19: note: each undeclared identifier is reported only once for each function it appears in
gmake[1]: *** [CMakeFiles/cmTC_e92e0.dir/build.make:78: CMakeFiles/cmTC_e92e0.dir/CheckSymbolExists.c.o] Error 1
gmake[1]: Leaving directory '/home/ciara/CLionProjects/cDrone/build/CMakeFiles/CMakeScratch/TryCompile-JJQgjF'
gmake: *** [Makefile:127: cmTC_e92e0/fast] Error 2


File CheckSymbolExists.c:
/* */
#include <float.h>
#include <iconv.h>
#include <inttypes.h>
#include <limits.h>
#include <malloc.h>
#include <math.h>
#include <memory.h>
#include <signal.h>
#include <stdarg.h>
#include <stdbool.h>
#include <stddef.h>
#include <stdint.h>
#include <stdio.h>
#include <stdlib.h>
#include <string.h>
#include <strings.h>
#include <sys/types.h>
#include <time.h>
#include <wchar.h>

int main(int argc, char** argv)
{
  (void)argv;
#ifndef itoa
  return ((int*)(&itoa))[argc];
#else
  (void)argc;
  return 0;
#endif
}
Determining if the _ltoa exist failed with the following output:
Change Dir: /home/ciara/CLionProjects/cDrone/build/CMakeFiles/CMakeScratch/TryCompile-bs7Rq2

Run Build Command(s):/usr/bin/gmake -f Makefile cmTC_009d1/fast && /usr/bin/gmake  -f CMakeFiles/cmTC_009d1.dir/build.make CMakeFiles/cmTC_009d1.dir/build
gmake[1]: Entering directory '/home/ciara/CLionProjects/cDrone/build/CMakeFiles/CMakeScratch/TryCompile-bs7Rq2'
Building C object CMakeFiles/cmTC_009d1.dir/CheckSymbolExists.c.o
/usr/bin/cc   -D_GNU_SOURCE=1 -std=gnu2x -o CMakeFiles/cmTC_009d1.dir/CheckSymbolExists.c.o -c /home/ciara/CLionProjects/cDrone/build/CMakeFiles/CMakeScratch/TryCompile-bs7Rq2/CheckSymbolExists.c
/home/ciara/CLionProjects/cDrone/build/CMakeFiles/CMakeScratch/TryCompile-bs7Rq2/CheckSymbolExists.c: In function ‘main’:
/home/ciara/CLionProjects/cDrone/build/CMakeFiles/CMakeScratch/TryCompile-bs7Rq2/CheckSymbolExists.c:26:19: error: ‘_ltoa’ undeclared (first use in this function)
   26 |   return ((int*)(&_ltoa))[argc];
      |                   ^~~~~
/home/ciara/CLionProjects/cDrone/build/CMakeFiles/CMakeScratch/TryCompile-bs7Rq2/CheckSymbolExists.c:26:19: note: each undeclared identifier is reported only once for each function it appears in
gmake[1]: *** [CMakeFiles/cmTC_009d1.dir/build.make:78: CMakeFiles/cmTC_009d1.dir/CheckSymbolExists.c.o] Error 1
gmake[1]: Leaving directory '/home/ciara/CLionProjects/cDrone/build/CMakeFiles/CMakeScratch/TryCompile-bs7Rq2'
gmake: *** [Makefile:127: cmTC_009d1/fast] Error 2


File CheckSymbolExists.c:
/* */
#include <float.h>
#include <iconv.h>
#include <inttypes.h>
#include <limits.h>
#include <malloc.h>
#include <math.h>
#include <memory.h>
#include <signal.h>
#include <stdarg.h>
#include <stdbool.h>
#include <stddef.h>
#include <stdint.h>
#include <stdio.h>
#include <stdlib.h>
#include <string.h>
#include <strings.h>
#include <sys/types.h>
#include <time.h>
#include <wchar.h>

int main(int argc, char** argv)
{
  (void)argv;
#ifndef _ltoa
  return ((int*)(&_ltoa))[argc];
#else
  (void)argc;
  return 0;
#endif
}
Determining if the sqr exist failed with the following output:
Change Dir: /home/ciara/CLionProjects/cDrone/build/CMakeFiles/CMakeScratch/TryCompile-LIa43L

Run Build Command(s):/usr/bin/gmake -f Makefile cmTC_b6e43/fast && /usr/bin/gmake  -f CMakeFiles/cmTC_b6e43.dir/build.make CMakeFiles/cmTC_b6e43.dir/build
gmake[1]: Entering directory '/home/ciara/CLionProjects/cDrone/build/CMakeFiles/CMakeScratch/TryCompile-LIa43L'
Building C object CMakeFiles/cmTC_b6e43.dir/CheckSymbolExists.c.o
/usr/bin/cc   -D_GNU_SOURCE=1 -std=gnu2x -o CMakeFiles/cmTC_b6e43.dir/CheckSymbolExists.c.o -c /home/ciara/CLionProjects/cDrone/build/CMakeFiles/CMakeScratch/TryCompile-LIa43L/CheckSymbolExists.c
/home/ciara/CLionProjects/cDrone/build/CMakeFiles/CMakeScratch/TryCompile-LIa43L/CheckSymbolExists.c: In function ‘main’:
/home/ciara/CLionProjects/cDrone/build/CMakeFiles/CMakeScratch/TryCompile-LIa43L/CheckSymbolExists.c:26:19: error: ‘sqr’ undeclared (first use in this function); did you mean ‘sqrt’?
   26 |   return ((int*)(&sqr))[argc];
      |                   ^~~
      |                   sqrt
/home/ciara/CLionProjects/cDrone/build/CMakeFiles/CMakeScratch/TryCompile-LIa43L/CheckSymbolExists.c:26:19: note: each undeclared identifier is reported only once for each function it appears in
gmake[1]: *** [CMakeFiles/cmTC_b6e43.dir/build.make:78: CMakeFiles/cmTC_b6e43.dir/CheckSymbolExists.c.o] Error 1
gmake[1]: Leaving directory '/home/ciara/CLionProjects/cDrone/build/CMakeFiles/CMakeScratch/TryCompile-LIa43L'
gmake: *** [Makefile:127: cmTC_b6e43/fast] Error 2


File CheckSymbolExists.c:
/* */
#include <float.h>
#include <iconv.h>
#include <inttypes.h>
#include <limits.h>
#include <malloc.h>
#include <math.h>
#include <memory.h>
#include <signal.h>
#include <stdarg.h>
#include <stdbool.h>
#include <stddef.h>
#include <stdint.h>
#include <stdio.h>
#include <stdlib.h>
#include <string.h>
#include <strings.h>
#include <sys/types.h>
#include <time.h>
#include <wchar.h>

int main(int argc, char** argv)
{
  (void)argv;
#ifndef sqr
  return ((int*)(&sqr))[argc];
#else
  (void)argc;
  return 0;
#endif
}
Determining if the strlcat exist failed with the following output:
Change Dir: /home/ciara/CLionProjects/cDrone/build/CMakeFiles/CMakeScratch/TryCompile-mSXGhb

Run Build Command(s):/usr/bin/gmake -f Makefile cmTC_6dba9/fast && /usr/bin/gmake  -f CMakeFiles/cmTC_6dba9.dir/build.make CMakeFiles/cmTC_6dba9.dir/build
gmake[1]: Entering directory '/home/ciara/CLionProjects/cDrone/build/CMakeFiles/CMakeScratch/TryCompile-mSXGhb'
Building C object CMakeFiles/cmTC_6dba9.dir/CheckSymbolExists.c.o
/usr/bin/cc   -D_GNU_SOURCE=1 -std=gnu2x -o CMakeFiles/cmTC_6dba9.dir/CheckSymbolExists.c.o -c /home/ciara/CLionProjects/cDrone/build/CMakeFiles/CMakeScratch/TryCompile-mSXGhb/CheckSymbolExists.c
/home/ciara/CLionProjects/cDrone/build/CMakeFiles/CMakeScratch/TryCompile-mSXGhb/CheckSymbolExists.c: In function ‘main’:
/home/ciara/CLionProjects/cDrone/build/CMakeFiles/CMakeScratch/TryCompile-mSXGhb/CheckSymbolExists.c:26:19: error: ‘strlcat’ undeclared (first use in this function); did you mean ‘strncat’?
   26 |   return ((int*)(&strlcat))[argc];
      |                   ^~~~~~~
      |                   strncat
/home/ciara/CLionProjects/cDrone/build/CMakeFiles/CMakeScratch/TryCompile-mSXGhb/CheckSymbolExists.c:26:19: note: each undeclared identifier is reported only once for each function it appears in
gmake[1]: *** [CMakeFiles/cmTC_6dba9.dir/build.make:78: CMakeFiles/cmTC_6dba9.dir/CheckSymbolExists.c.o] Error 1
gmake[1]: Leaving directory '/home/ciara/CLionProjects/cDrone/build/CMakeFiles/CMakeScratch/TryCompile-mSXGhb'
gmake: *** [Makefile:127: cmTC_6dba9/fast] Error 2


File CheckSymbolExists.c:
/* */
#include <float.h>
#include <iconv.h>
#include <inttypes.h>
#include <limits.h>
#include <malloc.h>
#include <math.h>
#include <memory.h>
#include <signal.h>
#include <stdarg.h>
#include <stdbool.h>
#include <stddef.h>
#include <stdint.h>
#include <stdio.h>
#include <stdlib.h>
#include <string.h>
#include <strings.h>
#include <sys/types.h>
#include <time.h>
#include <wchar.h>

int main(int argc, char** argv)
{
  (void)argv;
#ifndef strlcat
  return ((int*)(&strlcat))[argc];
#else
  (void)argc;
  return 0;
#endif
}
Determining if the strlcpy exist failed with the following output:
Change Dir: /home/ciara/CLionProjects/cDrone/build/CMakeFiles/CMakeScratch/TryCompile-URkHsy

Run Build Command(s):/usr/bin/gmake -f Makefile cmTC_ce475/fast && /usr/bin/gmake  -f CMakeFiles/cmTC_ce475.dir/build.make CMakeFiles/cmTC_ce475.dir/build
gmake[1]: Entering directory '/home/ciara/CLionProjects/cDrone/build/CMakeFiles/CMakeScratch/TryCompile-URkHsy'
Building C object CMakeFiles/cmTC_ce475.dir/CheckSymbolExists.c.o
/usr/bin/cc   -D_GNU_SOURCE=1 -std=gnu2x -o CMakeFiles/cmTC_ce475.dir/CheckSymbolExists.c.o -c /home/ciara/CLionProjects/cDrone/build/CMakeFiles/CMakeScratch/TryCompile-URkHsy/CheckSymbolExists.c
/home/ciara/CLionProjects/cDrone/build/CMakeFiles/CMakeScratch/TryCompile-URkHsy/CheckSymbolExists.c: In function ‘main’:
/home/ciara/CLionProjects/cDrone/build/CMakeFiles/CMakeScratch/TryCompile-URkHsy/CheckSymbolExists.c:26:19: error: ‘strlcpy’ undeclared (first use in this function); did you mean ‘strncpy’?
   26 |   return ((int*)(&strlcpy))[argc];
      |                   ^~~~~~~
      |                   strncpy
/home/ciara/CLionProjects/cDrone/build/CMakeFiles/CMakeScratch/TryCompile-URkHsy/CheckSymbolExists.c:26:19: note: each undeclared identifier is reported only once for each function it appears in
gmake[1]: *** [CMakeFiles/cmTC_ce475.dir/build.make:78: CMakeFiles/cmTC_ce475.dir/CheckSymbolExists.c.o] Error 1
gmake[1]: Leaving directory '/home/ciara/CLionProjects/cDrone/build/CMakeFiles/CMakeScratch/TryCompile-URkHsy'
gmake: *** [Makefile:127: cmTC_ce475/fast] Error 2


File CheckSymbolExists.c:
/* */
#include <float.h>
#include <iconv.h>
#include <inttypes.h>
#include <limits.h>
#include <malloc.h>
#include <math.h>
#include <memory.h>
#include <signal.h>
#include <stdarg.h>
#include <stdbool.h>
#include <stddef.h>
#include <stdint.h>
#include <stdio.h>
#include <stdlib.h>
#include <string.h>
#include <strings.h>
#include <sys/types.h>
#include <time.h>
#include <wchar.h>

int main(int argc, char** argv)
{
  (void)argv;
#ifndef strlcpy
  return ((int*)(&strlcpy))[argc];
#else
  (void)argc;
  return 0;
#endif
}
Determining if the strnstr exist failed with the following output:
Change Dir: /home/ciara/CLionProjects/cDrone/build/CMakeFiles/CMakeScratch/TryCompile-VPtyxx

Run Build Command(s):/usr/bin/gmake -f Makefile cmTC_e688d/fast && /usr/bin/gmake  -f CMakeFiles/cmTC_e688d.dir/build.make CMakeFiles/cmTC_e688d.dir/build
gmake[1]: Entering directory '/home/ciara/CLionProjects/cDrone/build/CMakeFiles/CMakeScratch/TryCompile-VPtyxx'
Building C object CMakeFiles/cmTC_e688d.dir/CheckSymbolExists.c.o
/usr/bin/cc   -D_GNU_SOURCE=1 -std=gnu2x -o CMakeFiles/cmTC_e688d.dir/CheckSymbolExists.c.o -c /home/ciara/CLionProjects/cDrone/build/CMakeFiles/CMakeScratch/TryCompile-VPtyxx/CheckSymbolExists.c
/home/ciara/CLionProjects/cDrone/build/CMakeFiles/CMakeScratch/TryCompile-VPtyxx/CheckSymbolExists.c: In function ‘main’:
/home/ciara/CLionProjects/cDrone/build/CMakeFiles/CMakeScratch/TryCompile-VPtyxx/CheckSymbolExists.c:26:19: error: ‘strnstr’ undeclared (first use in this function); did you mean ‘strstr’?
   26 |   return ((int*)(&strnstr))[argc];
      |                   ^~~~~~~
      |                   strstr
/home/ciara/CLionProjects/cDrone/build/CMakeFiles/CMakeScratch/TryCompile-VPtyxx/CheckSymbolExists.c:26:19: note: each undeclared identifier is reported only once for each function it appears in
gmake[1]: *** [CMakeFiles/cmTC_e688d.dir/build.make:78: CMakeFiles/cmTC_e688d.dir/CheckSymbolExists.c.o] Error 1
gmake[1]: Leaving directory '/home/ciara/CLionProjects/cDrone/build/CMakeFiles/CMakeScratch/TryCompile-VPtyxx'
gmake: *** [Makefile:127: cmTC_e688d/fast] Error 2


File CheckSymbolExists.c:
/* */
#include <float.h>
#include <iconv.h>
#include <inttypes.h>
#include <limits.h>
#include <malloc.h>
#include <math.h>
#include <memory.h>
#include <signal.h>
#include <stdarg.h>
#include <stdbool.h>
#include <stddef.h>
#include <stdint.h>
#include <stdio.h>
#include <stdlib.h>
#include <string.h>
#include <strings.h>
#include <sys/types.h>
#include <time.h>
#include <wchar.h>

int main(int argc, char** argv)
{
  (void)argv;
#ifndef strnstr
  return ((int*)(&strnstr))[argc];
#else
  (void)argc;
  return 0;
#endif
}
Determining if the wcslcat exist failed with the following output:
Change Dir: /home/ciara/CLionProjects/cDrone/build/CMakeFiles/CMakeScratch/TryCompile-1imif8

Run Build Command(s):/usr/bin/gmake -f Makefile cmTC_89485/fast && /usr/bin/gmake  -f CMakeFiles/cmTC_89485.dir/build.make CMakeFiles/cmTC_89485.dir/build
gmake[1]: Entering directory '/home/ciara/CLionProjects/cDrone/build/CMakeFiles/CMakeScratch/TryCompile-1imif8'
Building C object CMakeFiles/cmTC_89485.dir/CheckSymbolExists.c.o
/usr/bin/cc   -D_GNU_SOURCE=1 -std=gnu2x -o CMakeFiles/cmTC_89485.dir/CheckSymbolExists.c.o -c /home/ciara/CLionProjects/cDrone/build/CMakeFiles/CMakeScratch/TryCompile-1imif8/CheckSymbolExists.c
/home/ciara/CLionProjects/cDrone/build/CMakeFiles/CMakeScratch/TryCompile-1imif8/CheckSymbolExists.c: In function ‘main’:
/home/ciara/CLionProjects/cDrone/build/CMakeFiles/CMakeScratch/TryCompile-1imif8/CheckSymbolExists.c:26:19: error: ‘wcslcat’ undeclared (first use in this function); did you mean ‘wcsncat’?
   26 |   return ((int*)(&wcslcat))[argc];
      |                   ^~~~~~~
      |                   wcsncat
/home/ciara/CLionProjects/cDrone/build/CMakeFiles/CMakeScratch/TryCompile-1imif8/CheckSymbolExists.c:26:19: note: each undeclared identifier is reported only once for each function it appears in
gmake[1]: *** [CMakeFiles/cmTC_89485.dir/build.make:78: CMakeFiles/cmTC_89485.dir/CheckSymbolExists.c.o] Error 1
gmake[1]: Leaving directory '/home/ciara/CLionProjects/cDrone/build/CMakeFiles/CMakeScratch/TryCompile-1imif8'
gmake: *** [Makefile:127: cmTC_89485/fast] Error 2


File CheckSymbolExists.c:
/* */
#include <float.h>
#include <iconv.h>
#include <inttypes.h>
#include <limits.h>
#include <malloc.h>
#include <math.h>
#include <memory.h>
#include <signal.h>
#include <stdarg.h>
#include <stdbool.h>
#include <stddef.h>
#include <stdint.h>
#include <stdio.h>
#include <stdlib.h>
#include <string.h>
#include <strings.h>
#include <sys/types.h>
#include <time.h>
#include <wchar.h>

int main(int argc, char** argv)
{
  (void)argv;
#ifndef wcslcat
  return ((int*)(&wcslcat))[argc];
#else
  (void)argc;
  return 0;
#endif
}
Determining if the wcslcpy exist failed with the following output:
Change Dir: /home/ciara/CLionProjects/cDrone/build/CMakeFiles/CMakeScratch/TryCompile-db6nnD

Run Build Command(s):/usr/bin/gmake -f Makefile cmTC_d69af/fast && /usr/bin/gmake  -f CMakeFiles/cmTC_d69af.dir/build.make CMakeFiles/cmTC_d69af.dir/build
gmake[1]: Entering directory '/home/ciara/CLionProjects/cDrone/build/CMakeFiles/CMakeScratch/TryCompile-db6nnD'
Building C object CMakeFiles/cmTC_d69af.dir/CheckSymbolExists.c.o
/usr/bin/cc   -D_GNU_SOURCE=1 -std=gnu2x -o CMakeFiles/cmTC_d69af.dir/CheckSymbolExists.c.o -c /home/ciara/CLionProjects/cDrone/build/CMakeFiles/CMakeScratch/TryCompile-db6nnD/CheckSymbolExists.c
/home/ciara/CLionProjects/cDrone/build/CMakeFiles/CMakeScratch/TryCompile-db6nnD/CheckSymbolExists.c: In function ‘main’:
/home/ciara/CLionProjects/cDrone/build/CMakeFiles/CMakeScratch/TryCompile-db6nnD/CheckSymbolExists.c:26:19: error: ‘wcslcpy’ undeclared (first use in this function); did you mean ‘wcsncpy’?
   26 |   return ((int*)(&wcslcpy))[argc];
      |                   ^~~~~~~
      |                   wcsncpy
/home/ciara/CLionProjects/cDrone/build/CMakeFiles/CMakeScratch/TryCompile-db6nnD/CheckSymbolExists.c:26:19: note: each undeclared identifier is reported only once for each function it appears in
gmake[1]: *** [CMakeFiles/cmTC_d69af.dir/build.make:78: CMakeFiles/cmTC_d69af.dir/CheckSymbolExists.c.o] Error 1
gmake[1]: Leaving directory '/home/ciara/CLionProjects/cDrone/build/CMakeFiles/CMakeScratch/TryCompile-db6nnD'
gmake: *** [Makefile:127: cmTC_d69af/fast] Error 2


File CheckSymbolExists.c:
/* */
#include <float.h>
#include <iconv.h>
#include <inttypes.h>
#include <limits.h>
#include <malloc.h>
#include <math.h>
#include <memory.h>
#include <signal.h>
#include <stdarg.h>
#include <stdbool.h>
#include <stddef.h>
#include <stdint.h>
#include <stdio.h>
#include <stdlib.h>
#include <string.h>
#include <strings.h>
#include <sys/types.h>
#include <time.h>
#include <wchar.h>

int main(int argc, char** argv)
{
  (void)argv;
#ifndef wcslcpy
  return ((int*)(&wcslcpy))[argc];
#else
  (void)argc;
  return 0;
#endif
}
Determining if the sysctlbyname exist failed with the following output:
Change Dir: /home/ciara/CLionProjects/cDrone/build/CMakeFiles/CMakeScratch/TryCompile-FBm9fW

Run Build Command(s):/usr/bin/gmake -f Makefile cmTC_53bc3/fast && /usr/bin/gmake  -f CMakeFiles/cmTC_53bc3.dir/build.make CMakeFiles/cmTC_53bc3.dir/build
gmake[1]: Entering directory '/home/ciara/CLionProjects/cDrone/build/CMakeFiles/CMakeScratch/TryCompile-FBm9fW'
Building C object CMakeFiles/cmTC_53bc3.dir/CheckSymbolExists.c.o
/usr/bin/cc   -D_GNU_SOURCE=1 -std=gnu2x -o CMakeFiles/cmTC_53bc3.dir/CheckSymbolExists.c.o -c /home/ciara/CLionProjects/cDrone/build/CMakeFiles/CMakeScratch/TryCompile-FBm9fW/CheckSymbolExists.c
/home/ciara/CLionProjects/cDrone/build/CMakeFiles/CMakeScratch/TryCompile-FBm9fW/CheckSymbolExists.c:3:10: fatal error: sys/sysctl.h: No such file or directory
    3 | #include <sys/sysctl.h>
      |          ^~~~~~~~~~~~~~
compilation terminated.
gmake[1]: *** [CMakeFiles/cmTC_53bc3.dir/build.make:78: CMakeFiles/cmTC_53bc3.dir/CheckSymbolExists.c.o] Error 1
gmake[1]: Leaving directory '/home/ciara/CLionProjects/cDrone/build/CMakeFiles/CMakeScratch/TryCompile-FBm9fW'
gmake: *** [Makefile:127: cmTC_53bc3/fast] Error 2


File CheckSymbolExists.c:
/* */
#include <sys/types.h>
#include <sys/sysctl.h>

int main(int argc, char** argv)
{
  (void)argv;
#ifndef sysctlbyname
  return ((int*)(&sysctlbyname))[argc];
#else
  (void)argc;
  return 0;
#endif
}
Determining if the elf_aux_info exist failed with the following output:
Change Dir: /home/ciara/CLionProjects/cDrone/build/CMakeFiles/CMakeScratch/TryCompile-ts9bHe

Run Build Command(s):/usr/bin/gmake -f Makefile cmTC_4c030/fast && /usr/bin/gmake  -f CMakeFiles/cmTC_4c030.dir/build.make CMakeFiles/cmTC_4c030.dir/build
gmake[1]: Entering directory '/home/ciara/CLionProjects/cDrone/build/CMakeFiles/CMakeScratch/TryCompile-ts9bHe'
Building C object CMakeFiles/cmTC_4c030.dir/CheckSymbolExists.c.o
/usr/bin/cc   -D_GNU_SOURCE=1 -std=gnu2x -o CMakeFiles/cmTC_4c030.dir/CheckSymbolExists.c.o -c /home/ciara/CLionProjects/cDrone/build/CMakeFiles/CMakeScratch/TryCompile-ts9bHe/CheckSymbolExists.c
/home/ciara/CLionProjects/cDrone/build/CMakeFiles/CMakeScratch/TryCompile-ts9bHe/CheckSymbolExists.c: In function ‘main’:
/home/ciara/CLionProjects/cDrone/build/CMakeFiles/CMakeScratch/TryCompile-ts9bHe/CheckSymbolExists.c:8:19: error: ‘elf_aux_info’ undeclared (first use in this function)
    8 |   return ((int*)(&elf_aux_info))[argc];
      |                   ^~~~~~~~~~~~
/home/ciara/CLionProjects/cDrone/build/CMakeFiles/CMakeScratch/TryCompile-ts9bHe/CheckSymbolExists.c:8:19: note: each undeclared identifier is reported only once for each function it appears in
gmake[1]: *** [CMakeFiles/cmTC_4c030.dir/build.make:78: CMakeFiles/cmTC_4c030.dir/CheckSymbolExists.c.o] Error 1
gmake[1]: Leaving directory '/home/ciara/CLionProjects/cDrone/build/CMakeFiles/CMakeScratch/TryCompile-ts9bHe'
gmake: *** [Makefile:127: cmTC_4c030/fast] Error 2


File CheckSymbolExists.c:
/* */
#include <sys/auxv.h>

int main(int argc, char** argv)
{
  (void)argv;
#ifndef elf_aux_info
  return ((int*)(&elf_aux_info))[argc];
#else
  (void)argc;
  return 0;
#endif
}
Determining if the posix_spawn_file_actions_addchdir exist failed with the following output:
Change Dir: /home/ciara/CLionProjects/cDrone/build/CMakeFiles/CMakeScratch/TryCompile-xdChuc

Run Build Command(s):/usr/bin/gmake -f Makefile cmTC_882c6/fast && /usr/bin/gmake  -f CMakeFiles/cmTC_882c6.dir/build.make CMakeFiles/cmTC_882c6.dir/build
gmake[1]: Entering directory '/home/ciara/CLionProjects/cDrone/build/CMakeFiles/CMakeScratch/TryCompile-xdChuc'
Building C object CMakeFiles/cmTC_882c6.dir/CheckSymbolExists.c.o
/usr/bin/cc   -D_GNU_SOURCE=1 -std=gnu2x -o CMakeFiles/cmTC_882c6.dir/CheckSymbolExists.c.o -c /home/ciara/CLionProjects/cDrone/build/CMakeFiles/CMakeScratch/TryCompile-xdChuc/CheckSymbolExists.c
/home/ciara/CLionProjects/cDrone/build/CMakeFiles/CMakeScratch/TryCompile-xdChuc/CheckSymbolExists.c: In function ‘main’:
/home/ciara/CLionProjects/cDrone/build/CMakeFiles/CMakeScratch/TryCompile-xdChuc/CheckSymbolExists.c:8:19: error: ‘posix_spawn_file_actions_addchdir’ undeclared (first use in this function); did you mean ‘posix_spawn_file_actions_addchdir_np’?
    8 |   return ((int*)(&posix_spawn_file_actions_addchdir))[argc];
      |                   ^~~~~~~~~~~~~~~~~~~~~~~~~~~~~~~~~
      |                   posix_spawn_file_actions_addchdir_np
/home/ciara/CLionProjects/cDrone/build/CMakeFiles/CMakeScratch/TryCompile-xdChuc/CheckSymbolExists.c:8:19: note: each undeclared identifier is reported only once for each function it appears in
gmake[1]: *** [CMakeFiles/cmTC_882c6.dir/build.make:78: CMakeFiles/cmTC_882c6.dir/CheckSymbolExists.c.o] Error 1
gmake[1]: Leaving directory '/home/ciara/CLionProjects/cDrone/build/CMakeFiles/CMakeScratch/TryCompile-xdChuc'
gmake: *** [Makefile:127: cmTC_882c6/fast] Error 2


File CheckSymbolExists.c:
/* */
#include <spawn.h>

int main(int argc, char** argv)
{
  (void)argv;
#ifndef posix_spawn_file_actions_addchdir
  return ((int*)(&posix_spawn_file_actions_addchdir))[argc];
#else
  (void)argc;
  return 0;
#endif
}
Performing C SOURCE FILE Test ICONV_IN_LIBICONV failed with the following output:
Change Dir: /home/ciara/CLionProjects/cDrone/build/CMakeFiles/CMakeScratch/TryCompile-SdHQoH

Run Build Command(s):/usr/bin/gmake -f Makefile cmTC_7b5f3/fast && /usr/bin/gmake  -f CMakeFiles/cmTC_7b5f3.dir/build.make CMakeFiles/cmTC_7b5f3.dir/build
gmake[1]: Entering directory '/home/ciara/CLionProjects/cDrone/build/CMakeFiles/CMakeScratch/TryCompile-SdHQoH'
Building C object CMakeFiles/cmTC_7b5f3.dir/src.c.o
/usr/bin/cc -DICONV_IN_LIBICONV  -D_GNU_SOURCE=1 -std=gnu2x -o CMakeFiles/cmTC_7b5f3.dir/src.c.o -c /home/ciara/CLionProjects/cDrone/build/CMakeFiles/CMakeScratch/TryCompile-SdHQoH/src.c
Linking C executable cmTC_7b5f3
/usr/bin/cmake -E cmake_link_script CMakeFiles/cmTC_7b5f3.dir/link.txt --verbose=1
/usr/bin/cc   -D_GNU_SOURCE=1 CMakeFiles/cmTC_7b5f3.dir/src.c.o -o cmTC_7b5f3  -liconv 
/usr/bin/ld: cannot find -liconv: No such file or directory
collect2: error: ld returned 1 exit status
gmake[1]: *** [CMakeFiles/cmTC_7b5f3.dir/build.make:99: cmTC_7b5f3] Error 1
gmake[1]: Leaving directory '/home/ciara/CLionProjects/cDrone/build/CMakeFiles/CMakeScratch/TryCompile-SdHQoH'
gmake: *** [Makefile:127: cmTC_7b5f3/fast] Error 2


Source file was:

        #include <stddef.h>
        #include <iconv.h>
        int main(int argc, char **argv) {
            return !iconv_open(NULL,NULL);
        }

Performing C SOURCE FILE Test HAVE_OPENGL_GLX failed with the following output:
Change Dir: /home/ciara/CLionProjects/cDrone/build/CMakeFiles/CMakeScratch/TryCompile-sNbvFB

Run Build Command(s):/usr/bin/gmake -f Makefile cmTC_23484/fast && /usr/bin/gmake  -f CMakeFiles/cmTC_23484.dir/build.make CMakeFiles/cmTC_23484.dir/build
gmake[1]: Entering directory '/home/ciara/CLionProjects/cDrone/build/CMakeFiles/CMakeScratch/TryCompile-sNbvFB'
Building C object CMakeFiles/cmTC_23484.dir/src.c.o
/usr/bin/cc -DHAVE_OPENGL_GLX  -D_GNU_SOURCE=1 -std=gnu2x -o CMakeFiles/cmTC_23484.dir/src.c.o -c /home/ciara/CLionProjects/cDrone/build/CMakeFiles/CMakeScratch/TryCompile-sNbvFB/src.c
/home/ciara/CLionProjects/cDrone/build/CMakeFiles/CMakeScratch/TryCompile-sNbvFB/src.c:2:18: fatal error: GL/glx.h: No such file or directory
    2 |         #include <GL/glx.h>
      |                  ^~~~~~~~~~
compilation terminated.
gmake[1]: *** [CMakeFiles/cmTC_23484.dir/build.make:78: CMakeFiles/cmTC_23484.dir/src.c.o] Error 1
gmake[1]: Leaving directory '/home/ciara/CLionProjects/cDrone/build/CMakeFiles/CMakeScratch/TryCompile-sNbvFB'
gmake: *** [Makefile:127: cmTC_23484/fast] Error 2


Source file was:

        #include <GL/glx.h>
        int main(int argc, char** argv) { return 0; }

Performing C SOURCE FILE Test HAVE_OPENGL failed with the following output:
Change Dir: /home/ciara/CLionProjects/cDrone/build/CMakeFiles/CMakeScratch/TryCompile-d7En1o

Run Build Command(s):/usr/bin/gmake -f Makefile cmTC_d800a/fast && /usr/bin/gmake  -f CMakeFiles/cmTC_d800a.dir/build.make CMakeFiles/cmTC_d800a.dir/build
gmake[1]: Entering directory '/home/ciara/CLionProjects/cDrone/build/CMakeFiles/CMakeScratch/TryCompile-d7En1o'
Building C object CMakeFiles/cmTC_d800a.dir/src.c.o
/usr/bin/cc -DHAVE_OPENGL  -D_GNU_SOURCE=1 -std=gnu2x -o CMakeFiles/cmTC_d800a.dir/src.c.o -c /home/ciara/CLionProjects/cDrone/build/CMakeFiles/CMakeScratch/TryCompile-d7En1o/src.c
/home/ciara/CLionProjects/cDrone/build/CMakeFiles/CMakeScratch/TryCompile-d7En1o/src.c:2:18: fatal error: GL/gl.h: No such file or directory
    2 |         #include <GL/gl.h>
      |                  ^~~~~~~~~
compilation terminated.
gmake[1]: *** [CMakeFiles/cmTC_d800a.dir/build.make:78: CMakeFiles/cmTC_d800a.dir/src.c.o] Error 1
gmake[1]: Leaving directory '/home/ciara/CLionProjects/cDrone/build/CMakeFiles/CMakeScratch/TryCompile-d7En1o'
gmake: *** [Makefile:127: cmTC_d800a/fast] Error 2


Source file was:

        #include <GL/gl.h>
        #include <GL/glext.h>
        int main(int argc, char** argv) { return 0; }

Performing C SOURCE FILE Test HAVE_OPENGLES_V1 failed with the following output:
Change Dir: /home/ciara/CLionProjects/cDrone/build/CMakeFiles/CMakeScratch/TryCompile-Iki2U1

Run Build Command(s):/usr/bin/gmake -f Makefile cmTC_f8bf3/fast && /usr/bin/gmake  -f CMakeFiles/cmTC_f8bf3.dir/build.make CMakeFiles/cmTC_f8bf3.dir/build
gmake[1]: Entering directory '/home/ciara/CLionProjects/cDrone/build/CMakeFiles/CMakeScratch/TryCompile-Iki2U1'
Building C object CMakeFiles/cmTC_f8bf3.dir/src.c.o
/usr/bin/cc -DHAVE_OPENGLES_V1 -I/home/ciara/CLionProjects/cDrone/vendored/SDL/src/video/khronos -D_GNU_SOURCE=1 -std=gnu2x -o CMakeFiles/cmTC_f8bf3.dir/src.c.o -c /home/ciara/CLionProjects/cDrone/build/CMakeFiles/CMakeScratch/TryCompile-Iki2U1/src.c
/home/ciara/CLionProjects/cDrone/build/CMakeFiles/CMakeScratch/TryCompile-Iki2U1/src.c:2:18: fatal error: GLES/gl.h: No such file or directory
    2 |         #include <GLES/gl.h>
      |                  ^~~~~~~~~~~
compilation terminated.
gmake[1]: *** [CMakeFiles/cmTC_f8bf3.dir/build.make:78: CMakeFiles/cmTC_f8bf3.dir/src.c.o] Error 1
gmake[1]: Leaving directory '/home/ciara/CLionProjects/cDrone/build/CMakeFiles/CMakeScratch/TryCompile-Iki2U1'
gmake: *** [Makefile:127: cmTC_f8bf3/fast] Error 2


Source file was:

        #include <GLES/gl.h>
        #include <GLES/glext.h>
        int main (int argc, char** argv) { return 0; }

Determining if the include file libudev.h exists failed with the following output:
Change Dir: /home/ciara/CLionProjects/cDrone/build/CMakeFiles/CMakeScratch/TryCompile-8lBLZv

Run Build Command(s):/usr/bin/gmake -f Makefile cmTC_b0ae8/fast && /usr/bin/gmake  -f CMakeFiles/cmTC_b0ae8.dir/build.make CMakeFiles/cmTC_b0ae8.dir/build
gmake[1]: Entering directory '/home/ciara/CLionProjects/cDrone/build/CMakeFiles/CMakeScratch/TryCompile-8lBLZv'
Building C object CMakeFiles/cmTC_b0ae8.dir/CheckIncludeFile.c.o
/usr/bin/cc   -D_GNU_SOURCE=1 -std=gnu2x -o CMakeFiles/cmTC_b0ae8.dir/CheckIncludeFile.c.o -c /home/ciara/CLionProjects/cDrone/build/CMakeFiles/CMakeScratch/TryCompile-8lBLZv/CheckIncludeFile.c
/home/ciara/CLionProjects/cDrone/build/CMakeFiles/CMakeScratch/TryCompile-8lBLZv/CheckIncludeFile.c:1:10: fatal error: libudev.h: No such file or directory
    1 | #include <libudev.h>
      |          ^~~~~~~~~~~
compilation terminated.
gmake[1]: *** [CMakeFiles/cmTC_b0ae8.dir/build.make:78: CMakeFiles/cmTC_b0ae8.dir/CheckIncludeFile.c.o] Error 1
gmake[1]: Leaving directory '/home/ciara/CLionProjects/cDrone/build/CMakeFiles/CMakeScratch/TryCompile-8lBLZv'
gmake: *** [Makefile:127: cmTC_b0ae8/fast] Error 2



Performing C SOURCE FILE Test LIBC_HAS_WORKING_LIBUNWIND failed with the following output:
Change Dir: /home/ciara/CLionProjects/cDrone/build/CMakeFiles/CMakeScratch/TryCompile-WcOvP6

Run Build Command(s):/usr/bin/gmake -f Makefile cmTC_5afe1/fast && /usr/bin/gmake  -f CMakeFiles/cmTC_5afe1.dir/build.make CMakeFiles/cmTC_5afe1.dir/build
gmake[1]: Entering directory '/home/ciara/CLionProjects/cDrone/build/CMakeFiles/CMakeScratch/TryCompile-WcOvP6'
Building C object CMakeFiles/cmTC_5afe1.dir/src.c.o
/usr/bin/cc -DLIBC_HAS_WORKING_LIBUNWIND  -D_GNU_SOURCE=1 -std=gnu2x -o CMakeFiles/cmTC_5afe1.dir/src.c.o -c /home/ciara/CLionProjects/cDrone/build/CMakeFiles/CMakeScratch/TryCompile-WcOvP6/src.c
/home/ciara/CLionProjects/cDrone/build/CMakeFiles/CMakeScratch/TryCompile-WcOvP6/src.c:1:16: fatal error: libunwind.h: No such file or directory
    1 |       #include <libunwind.h>
      |                ^~~~~~~~~~~~~
compilation terminated.
gmake[1]: *** [CMakeFiles/cmTC_5afe1.dir/build.make:78: CMakeFiles/cmTC_5afe1.dir/src.c.o] Error 1
gmake[1]: Leaving directory '/home/ciara/CLionProjects/cDrone/build/CMakeFiles/CMakeScratch/TryCompile-WcOvP6'
gmake: *** [Makefile:127: cmTC_5afe1/fast] Error 2


Source file was:
      #include <libunwind.h>
      int main(int argc, char *argv[]) {
        (void)argc; (void)argv;
        unw_context_t context;
        unw_cursor_t cursor;
        unw_word_t pc;
        char sym[256];
        unw_word_t offset;
        unw_getcontext(&context);
        unw_step(&cursor);
        unw_get_reg(&cursor, UNW_REG_IP, &pc);
        unw_get_proc_name(&cursor, sym, sizeof(sym), &offset);
        return 0;
      }

Performing C SOURCE FILE Test LIBUNWIND_HAS_WORKINGLIBUNWIND failed with the following output:
Change Dir: /home/ciara/CLionProjects/cDrone/build/CMakeFiles/CMakeScratch/TryCompile-cEatfT

Run Build Command(s):/usr/bin/gmake -f Makefile cmTC_c10be/fast && /usr/bin/gmake  -f CMakeFiles/cmTC_c10be.dir/build.make CMakeFiles/cmTC_c10be.dir/build
gmake[1]: Entering directory '/home/ciara/CLionProjects/cDrone/build/CMakeFiles/CMakeScratch/TryCompile-cEatfT'
Building C object CMakeFiles/cmTC_c10be.dir/src.c.o
/usr/bin/cc -DLIBUNWIND_HAS_WORKINGLIBUNWIND  -D_GNU_SOURCE=1 -std=gnu2x -o CMakeFiles/cmTC_c10be.dir/src.c.o -c /home/ciara/CLionProjects/cDrone/build/CMakeFiles/CMakeScratch/TryCompile-cEatfT/src.c
/home/ciara/CLionProjects/cDrone/build/CMakeFiles/CMakeScratch/TryCompile-cEatfT/src.c:1:16: fatal error: libunwind.h: No such file or directory
    1 |       #include <libunwind.h>
      |                ^~~~~~~~~~~~~
compilation terminated.
gmake[1]: *** [CMakeFiles/cmTC_c10be.dir/build.make:78: CMakeFiles/cmTC_c10be.dir/src.c.o] Error 1
gmake[1]: Leaving directory '/home/ciara/CLionProjects/cDrone/build/CMakeFiles/CMakeScratch/TryCompile-cEatfT'
gmake: *** [Makefile:127: cmTC_c10be/fast] Error 2


Source file was:
      #include <libunwind.h>
      int main(int argc, char *argv[]) {
        (void)argc; (void)argv;
        unw_context_t context;
        unw_cursor_t cursor;
        unw_word_t pc;
        char sym[256];
        unw_word_t offset;
        unw_getcontext(&context);
        unw_step(&cursor);
        unw_get_reg(&cursor, UNW_REG_IP, &pc);
        unw_get_proc_name(&cursor, sym, sizeof(sym), &offset);
        return 0;
      }

Determining if the include file pthread_np.h exists failed with the following output:
Change Dir: /home/ciara/CLionProjects/cDrone/build/CMakeFiles/CMakeScratch/TryCompile-wutccA

Run Build Command(s):/usr/bin/gmake -f Makefile cmTC_b3475/fast && /usr/bin/gmake  -f CMakeFiles/cmTC_b3475.dir/build.make CMakeFiles/cmTC_b3475.dir/build
gmake[1]: Entering directory '/home/ciara/CLionProjects/cDrone/build/CMakeFiles/CMakeScratch/TryCompile-wutccA'
Building C object CMakeFiles/cmTC_b3475.dir/CheckIncludeFile.c.o
/usr/bin/cc   -D_GNU_SOURCE=1 -D_REENTRANT -pthread -std=gnu2x -o CMakeFiles/cmTC_b3475.dir/CheckIncludeFile.c.o -c /home/ciara/CLionProjects/cDrone/build/CMakeFiles/CMakeScratch/TryCompile-wutccA/CheckIncludeFile.c
/home/ciara/CLionProjects/cDrone/build/CMakeFiles/CMakeScratch/TryCompile-wutccA/CheckIncludeFile.c:1:10: fatal error: pthread_np.h: No such file or directory
    1 | #include <pthread_np.h>
      |          ^~~~~~~~~~~~~~
compilation terminated.
gmake[1]: *** [CMakeFiles/cmTC_b3475.dir/build.make:78: CMakeFiles/cmTC_b3475.dir/CheckIncludeFile.c.o] Error 1
gmake[1]: Leaving directory '/home/ciara/CLionProjects/cDrone/build/CMakeFiles/CMakeScratch/TryCompile-wutccA'
gmake: *** [Makefile:127: cmTC_b3475/fast] Error 2



